<?xml version='1.1' encoding='UTF-8'?>
<result plugin="junit@1.49">
  <suites>
    <suite>
      <file>/var/jenkins_home/workspace/aracnos/target/surefire-reports/TEST-com.tarefa.demo.DemoApplicationTests.xml</file>
      <name>com.tarefa.demo.DemoApplicationTests</name>
      <duration>1.131</duration>
      <time>1.131</time>
      <nodeId>60</nodeId>
      <enclosingBlocks>
        <string>58</string>
      </enclosingBlocks>
      <enclosingBlockNames>
        <string>Test</string>
      </enclosingBlockNames>
      <cases>
        <case>
          <duration>1.109</duration>
          <className>com.tarefa.demo.DemoApplicationTests</className>
          <testName>testMain</testName>
          <skipped>false</skipped>
          <failedSince>0</failedSince>
        </case>
        <case>
          <duration>0.011</duration>
          <className>com.tarefa.demo.DemoApplicationTests</className>
          <testName>testSoma</testName>
          <skipped>false</skipped>
          <failedSince>0</failedSince>
        </case>
      </cases>
    </suite>
    <suite>
      <file>/var/jenkins_home/workspace/aracnos/target/surefire-reports/TEST-com.tarefa.demo.HelloWorldControllerTests.xml</file>
      <name>com.tarefa.demo.HelloWorldControllerTests</name>
      <duration>5.998</duration>
      <time>5.998</time>
      <nodeId>60</nodeId>
      <enclosingBlocks>
        <string>58</string>
      </enclosingBlocks>
      <enclosingBlockNames>
        <string>Test</string>
      </enclosingBlockNames>
      <cases>
        <case>
          <duration>0.514</duration>
          <className>com.tarefa.demo.HelloWorldControllerTests</className>
          <testName>testRetornoIp</testName>
          <skipped>false</skipped>
          <failedSince>0</failedSince>
        </case>
        <case>
          <duration>0.01</duration>
          <className>com.tarefa.demo.HelloWorldControllerTests</className>
          <testName>fazendoNada</testName>
          <skipped>false</skipped>
          <failedSince>0</failedSince>
        </case>
      </cases>
    </suite>
  </suites>
  <duration>7.129</duration>
  <keepLongStdio>false</keepLongStdio>
</result>