<?xml version='1.1' encoding='UTF-8'?>
<result plugin="junit@1.49">
  <suites>
    <suite>
      <file>/var/jenkins_home/workspace/aracnos/target/surefire-reports/TEST-com.tarefa.demo.DemoApplicationTests.xml</file>
      <name>com.tarefa.demo.DemoApplicationTests</name>
      <duration>1.062</duration>
      <time>1.062</time>
      <nodeId>71</nodeId>
      <enclosingBlocks>
        <string>69</string>
      </enclosingBlocks>
      <enclosingBlockNames>
        <string>Test</string>
      </enclosingBlockNames>
      <cases>
        <case>
          <duration>1.048</duration>
          <className>com.tarefa.demo.DemoApplicationTests</className>
          <testName>testMain</testName>
          <skipped>false</skipped>
          <failedSince>0</failedSince>
        </case>
        <case>
          <duration>0.013</duration>
          <className>com.tarefa.demo.DemoApplicationTests</className>
          <testName>testSoma</testName>
          <skipped>false</skipped>
          <failedSince>0</failedSince>
        </case>
      </cases>
    </suite>
    <suite>
      <file>/var/jenkins_home/workspace/aracnos/target/surefire-reports/TEST-com.tarefa.demo.HelloWorldControllerTests.xml</file>
      <name>com.tarefa.demo.HelloWorldControllerTests</name>
      <duration>5.106</duration>
      <time>5.106</time>
      <nodeId>71</nodeId>
      <enclosingBlocks>
        <string>69</string>
      </enclosingBlocks>
      <enclosingBlockNames>
        <string>Test</string>
      </enclosingBlockNames>
      <cases>
        <case>
          <duration>0.41</duration>
          <className>com.tarefa.demo.HelloWorldControllerTests</className>
          <testName>testRetornoIp</testName>
          <skipped>false</skipped>
          <failedSince>0</failedSince>
        </case>
        <case>
          <duration>0.003</duration>
          <className>com.tarefa.demo.HelloWorldControllerTests</className>
          <testName>fazendoNada</testName>
          <skipped>false</skipped>
          <failedSince>0</failedSince>
        </case>
      </cases>
    </suite>
  </suites>
  <duration>6.168</duration>
  <keepLongStdio>false</keepLongStdio>
</result>