<?xml version='1.1' encoding='UTF-8'?>
<result plugin="junit@1.49">
  <suites>
    <suite>
      <file>/var/jenkins_home/workspace/aracnos/target/surefire-reports/TEST-com.tarefa.demo.DemoApplicationTests.xml</file>
      <name>com.tarefa.demo.DemoApplicationTests</name>
      <duration>1.204</duration>
      <time>1.204</time>
      <nodeId>44</nodeId>
      <enclosingBlocks>
        <string>42</string>
      </enclosingBlocks>
      <enclosingBlockNames>
        <string>Test</string>
      </enclosingBlockNames>
      <cases>
        <case>
          <duration>1.189</duration>
          <className>com.tarefa.demo.DemoApplicationTests</className>
          <testName>testMain</testName>
          <skipped>false</skipped>
          <failedSince>0</failedSince>
        </case>
        <case>
          <duration>0.008</duration>
          <className>com.tarefa.demo.DemoApplicationTests</className>
          <testName>testSoma</testName>
          <skipped>false</skipped>
          <failedSince>0</failedSince>
        </case>
      </cases>
    </suite>
    <suite>
      <file>/var/jenkins_home/workspace/aracnos/target/surefire-reports/TEST-com.tarefa.demo.HelloWorldControllerTests.xml</file>
      <name>com.tarefa.demo.HelloWorldControllerTests</name>
      <duration>5.645</duration>
      <time>5.645</time>
      <nodeId>44</nodeId>
      <enclosingBlocks>
        <string>42</string>
      </enclosingBlocks>
      <enclosingBlockNames>
        <string>Test</string>
      </enclosingBlockNames>
      <cases>
        <case>
          <duration>0.483</duration>
          <className>com.tarefa.demo.HelloWorldControllerTests</className>
          <testName>testRetornoIp</testName>
          <skipped>false</skipped>
          <failedSince>0</failedSince>
        </case>
        <case>
          <duration>0.009</duration>
          <className>com.tarefa.demo.HelloWorldControllerTests</className>
          <testName>fazendoNada</testName>
          <skipped>false</skipped>
          <failedSince>0</failedSince>
        </case>
      </cases>
    </suite>
  </suites>
  <duration>6.849</duration>
  <keepLongStdio>false</keepLongStdio>
</result>